#
# There is insufficient memory for the Java Runtime Environment to continue.
# Native memory allocation (mmap) failed to map 132120576 bytes for G1 virtual space
# Possible reasons:
#   The system is out of physical RAM or swap space
#   The process is running with CompressedOops enabled, and the Java Heap may be blocking the growth of the native heap
# Possible solutions:
#   Reduce memory load on the system
#   Increase physical memory or swap space
#   Check if swap backing store is full
#   Decrease Java heap size (-Xmx/-Xms)
#   Decrease number of Java threads
#   Decrease Java thread stack sizes (-Xss)
#   Set larger code cache with -XX:ReservedCodeCacheSize=
#   JVM is running with Unscaled Compressed Oops mode in which the Java heap is
#     placed in the first 4GB address space. The Java Heap base address is the
#     maximum limit for the native heap growth. Please use -XX:HeapBaseMinAddress
#     to set the Java Heap base and to place the Java Heap above 4GB virtual address.
# This output file may be truncated or incomplete.
#
#  Out of Memory Error (os_windows.cpp:3528), pid=7436, tid=22468
#
# JRE version:  (20.0.1+9) (build )
# Java VM: Java HotSpot(TM) 64-Bit Server VM (20.0.1+9-29, mixed mode, sharing, tiered, compressed oops, compressed class ptrs, g1 gc, windows-amd64)
# No core dump will be written. Minidumps are not enabled by default on client versions of Windows
#

---------------  S U M M A R Y ------------

Command Line: -Dfile.encoding=UTF-8 --module-path=C:\Users\ajjat\OneDrive\Documents\NetBeansProjects\Bank Managemant System\build\classes bank.managemant.system.SignupThree

Host: Intel(R) Core(TM) i5-1035G1 CPU @ 1.00GHz, 8 cores, 7G,  Windows 11 , 64 bit Build 22621 (10.0.22621.2506)
Time: Mon Jan 29 21:12:59 2024 India Standard Time elapsed time: 0.011261 seconds (0d 0h 0m 0s)

---------------  T H R E A D  ---------------

Current thread (0x000001e485d6daf0):  JavaThread "Unknown thread" [_thread_in_vm, id=22468, stack(0x000000a836b00000,0x000000a836c00000)]

Stack: [0x000000a836b00000,0x000000a836c00000]
Native frames: (J=compiled Java code, j=interpreted, Vv=VM code, C=native code)
V  [jvm.dll+0x6bb95a]
V  [jvm.dll+0x8485fa]
V  [jvm.dll+0x84a1f5]
V  [jvm.dll+0x84a8f3]
V  [jvm.dll+0x280b0f]
V  [jvm.dll+0x6b86e9]
V  [jvm.dll+0x6ad2da]
V  [jvm.dll+0x35adf5]
V  [jvm.dll+0x363016]
V  [jvm.dll+0x3b3b3e]
V  [jvm.dll+0x3b3dc5]
V  [jvm.dll+0x32b50a]
V  [jvm.dll+0x32c32b]
V  [jvm.dll+0x8112bf]
V  [jvm.dll+0x3c0d91]
V  [jvm.dll+0x7fcfe3]
V  [jvm.dll+0x44c76f]
V  [jvm.dll+0x44e0e1]
C  [jli.dll+0x5287]
C  [ucrtbase.dll+0x29363]
C  [KERNEL32.DLL+0x1257d]
C  [ntdll.dll+0x5aa58]


---------------  P R O C E S S  ---------------

Threads class SMR info:
_java_thread_list=0x00007ff95503a098, length=0, elements={
}

Java Threads: ( => current thread )

Other Threads:
  0x000001e485dce970 WorkerThread "GC Thread#0" [stack: 0x000000a836c00000,0x000000a836d00000] [id=15976]
  0x000001e485ddf060 ConcurrentGCThread "G1 Main Marker" [stack: 0x000000a836d00000,0x000000a836e00000] [id=21800]
  0x000001e485ddf9d0 WorkerThread "G1 Conc#0" [stack: 0x000000a836e00000,0x000000a836f00000] [id=25956]

[error occurred during error reporting (printing all threads), id 0xc0000005, EXCEPTION_ACCESS_VIOLATION (0xc0000005) at pc=0x00007ff95481eb47]
VM state: not at safepoint (not fully initialized)

VM Mutex/Monitor currently owned by a thread:  ([mutex/lock_event])
[0x000001e485d6a2d0] Heap_lock - owner thread: 0x000001e485d6daf0

Heap address: 0x0000000083200000, size: 1998 MB, Compressed Oops mode: 32-bit

CDS archive(s) mapped at: [0x0000000000000000-0x0000000000000000-0x0000000000000000), size 0, SharedBaseAddress: 0x0000000800000000, ArchiveRelocationMode: 0.
Narrow klass base: 0x0000000000000000, Narrow klass shift: 0, Narrow klass range: 0x0

GC Precious Log:
 CardTable entry size: 512
 Card Set container configuration: InlinePtr #cards 5 size 8 Array Of Cards #cards 12 size 40 Howl #buckets 4 coarsen threshold 1843 Howl Bitmap #cards 512 size 80 coarsen threshold 460 Card regions per heap region 1 cards per card region 2048

Heap:
 garbage-first heap   total 0K, used 0K [0x0000000083200000, 0x0000000100000000)
  region size 1024K, 0 young (0K), 0 survivors (0K)

[error occurred during error reporting (printing heap information), id 0xc0000005, EXCEPTION_ACCESS_VIOLATION (0xc0000005) at pc=0x00007ff954bf3c59]
GC Heap History (0 events):
No events

Dll operation events (1 events):
Event: 0.007 Loaded shared library C:\Program Files\Java\jdk-20\bin\java.dll

Deoptimization events (0 events):
No events

Classes loaded (0 events):
No events

Classes unloaded (0 events):
No events

Classes redefined (0 events):
No events

Internal exceptions (0 events):
No events

VM Operations (0 events):
No events

Events (0 events):
No events


Dynamic libraries:
0x00007ff78bc00000 - 0x00007ff78bc10000 	C:\Program Files\Java\jdk-20\bin\java.exe
0x00007ff9adfd0000 - 0x00007ff9ae1e7000 	C:\WINDOWS\SYSTEM32\ntdll.dll
0x00007ff9acdf0000 - 0x00007ff9aceb4000 	C:\WINDOWS\System32\KERNEL32.DLL
0x00007ff9ab970000 - 0x00007ff9abd16000 	C:\WINDOWS\System32\KERNELBASE.dll
0x00007ff9ab620000 - 0x00007ff9ab731000 	C:\WINDOWS\System32\ucrtbase.dll
0x00007ff9a1db0000 - 0x00007ff9a1dc9000 	C:\Program Files\Java\jdk-20\bin\jli.dll
0x00007ff99f420000 - 0x00007ff99f43b000 	C:\Program Files\Java\jdk-20\bin\VCRUNTIME140.dll
0x00007ff9ad970000 - 0x00007ff9ada23000 	C:\WINDOWS\System32\ADVAPI32.dll
0x00007ff9acee0000 - 0x00007ff9acf87000 	C:\WINDOWS\System32\msvcrt.dll
0x00007ff9adee0000 - 0x00007ff9adf88000 	C:\WINDOWS\System32\sechost.dll
0x00007ff9ab310000 - 0x00007ff9ab338000 	C:\WINDOWS\System32\bcrypt.dll
0x00007ff9ac9a0000 - 0x00007ff9acab7000 	C:\WINDOWS\System32\RPCRT4.dll
0x00007ff9acb40000 - 0x00007ff9accee000 	C:\WINDOWS\System32\USER32.dll
0x00007ff9ab5f0000 - 0x00007ff9ab616000 	C:\WINDOWS\System32\win32u.dll
0x00007ff993650000 - 0x00007ff9938e3000 	C:\WINDOWS\WinSxS\amd64_microsoft.windows.common-controls_6595b64144ccf1df_6.0.22621.2506_none_270c5ae97388e100\COMCTL32.dll
0x00007ff9ad490000 - 0x00007ff9ad4b9000 	C:\WINDOWS\System32\GDI32.dll
0x00007ff9ab340000 - 0x00007ff9ab458000 	C:\WINDOWS\System32\gdi32full.dll
0x00007ff9ab460000 - 0x00007ff9ab4fa000 	C:\WINDOWS\System32\msvcp_win.dll
0x00007ff9a5000000 - 0x00007ff9a500a000 	C:\WINDOWS\SYSTEM32\VERSION.dll
0x00007ff9ada40000 - 0x00007ff9ada71000 	C:\WINDOWS\System32\IMM32.DLL
0x00007ff9a1b90000 - 0x00007ff9a1b9c000 	C:\Program Files\Java\jdk-20\bin\vcruntime140_1.dll
0x00007ff98d770000 - 0x00007ff98d7fe000 	C:\Program Files\Java\jdk-20\bin\msvcp140.dll
0x00007ff9544e0000 - 0x00007ff955177000 	C:\Program Files\Java\jdk-20\bin\server\jvm.dll
0x00007ff952e60000 - 0x00007ff952e69000 	C:\WINDOWS\SYSTEM32\WSOCK32.dll
0x00007ff9acf90000 - 0x00007ff9ad001000 	C:\WINDOWS\System32\WS2_32.dll
0x00007ff9a4a20000 - 0x00007ff9a4a54000 	C:\WINDOWS\SYSTEM32\WINMM.dll
0x00007ff9aa340000 - 0x00007ff9aa358000 	C:\WINDOWS\SYSTEM32\kernel.appcore.dll
0x00007ff99a2d0000 - 0x00007ff99a2da000 	C:\Program Files\Java\jdk-20\bin\jimage.dll
0x00007ff9a8c90000 - 0x00007ff9a8ec3000 	C:\WINDOWS\SYSTEM32\DBGHELP.DLL
0x00007ff9ac600000 - 0x00007ff9ac989000 	C:\WINDOWS\System32\combase.dll
0x00007ff9ad4c0000 - 0x00007ff9ad597000 	C:\WINDOWS\System32\OLEAUT32.dll
0x00007ff9a29a0000 - 0x00007ff9a29d2000 	C:\WINDOWS\SYSTEM32\dbgcore.DLL
0x00007ff9ab500000 - 0x00007ff9ab57a000 	C:\WINDOWS\System32\bcryptPrimitives.dll
0x00007ff98f740000 - 0x00007ff98f766000 	C:\Program Files\Java\jdk-20\bin\java.dll

dbghelp: loaded successfully - version: 4.0.5 - missing functions: none
symbol engine: initialized successfully - sym options: 0x614 - pdb path: .;C:\Program Files\Java\jdk-20\bin;C:\WINDOWS\SYSTEM32;C:\WINDOWS\WinSxS\amd64_microsoft.windows.common-controls_6595b64144ccf1df_6.0.22621.2506_none_270c5ae97388e100;C:\Program Files\Java\jdk-20\bin\server

VM Arguments:
jvm_args: -Dfile.encoding=UTF-8 --module-path=C:\Users\ajjat\OneDrive\Documents\NetBeansProjects\Bank Managemant System\build\classes 
java_command: bank.managemant.system.SignupThree
java_class_path (initial): C:\Users\ajjat\Downloads\jcalendar-tz-1.3.3-4.jar;C:\Users\ajjat\Downloads\mysql-connector-java-8.0.28.jar;C:\Users\ajjat\Downloads\mysql-connector-java-8.0.11.jar;C:\Users\ajjat\OneDrive\Documents\NetBeansProjects\Bank Managemant System\build\classes
Launcher Type: SUN_STANDARD

[Global flags]
     intx CICompilerCount                          = 4                                         {product} {ergonomic}
     uint ConcGCThreads                            = 2                                         {product} {ergonomic}
     uint G1ConcRefinementThreads                  = 8                                         {product} {ergonomic}
   size_t G1HeapRegionSize                         = 1048576                                   {product} {ergonomic}
    uintx GCDrainStackTargetSize                   = 64                                        {product} {ergonomic}
   size_t InitialHeapSize                          = 132120576                                 {product} {ergonomic}
   size_t MarkStackSize                            = 4194304                                   {product} {ergonomic}
   size_t MaxHeapSize                              = 2095054848                                {product} {ergonomic}
   size_t MinHeapDeltaBytes                        = 1048576                                   {product} {ergonomic}
   size_t MinHeapSize                              = 8388608                                   {product} {ergonomic}
    uintx NonNMethodCodeHeapSize                   = 5839372                                {pd product} {ergonomic}
    uintx NonProfiledCodeHeapSize                  = 122909434                              {pd product} {ergonomic}
    uintx ProfiledCodeHeapSize                     = 122909434                              {pd product} {ergonomic}
    uintx ReservedCodeCacheSize                    = 251658240                              {pd product} {ergonomic}
     bool SegmentedCodeCache                       = true                                      {product} {ergonomic}
   size_t SoftMaxHeapSize                          = 2095054848                             {manageable} {ergonomic}
     bool UseCompressedClassPointers               = true                           {product lp64_product} {ergonomic}
     bool UseCompressedOops                        = true                           {product lp64_product} {ergonomic}
     bool UseG1GC                                  = true                                      {product} {ergonomic}
     bool UseLargePagesIndividualAllocation        = false                                  {pd product} {ergonomic}

Logging:
Log output configuration:
 #0: stdout all=warning uptime,level,tags foldmultilines=false
 #1: stderr all=off uptime,level,tags foldmultilines=false

Environment Variables:
CLASSPATH=.;C:\mysql-connector-j-8.0.33.jar;C:\Program Files\MySQL\MySQL Server 8.0\bin;
PATH=C:\Program Files\MySQL\MySQL Server 8.0\bin;C:\Python3.7\;C:\Python3.7\Scripts\;C:\Program Files (x86)\VMware\VMware Player\bin\;C:\WINDOWS\system32;C:\WINDOWS;C:\WINDOWS\System32\Wbem;C:\WINDOWS\System32\WindowsPowerShell\v1.0\;C:\WINDOWS\System32\OpenSSH\;C:\Program Files\MySQL\MySQL Server 8.0\bin;C:\Users\ajjat\AppData\Local\Microsoft\WindowsApps;C:\Users\ajjat\AppData\Local\Programs\Microsoft VS Code\bin;C:\Program Files\JetBrains\IntelliJ IDEA Community Edition 2022.3.2\bin;;
USERNAME=ajjat
OS=Windows_NT
PROCESSOR_IDENTIFIER=Intel64 Family 6 Model 126 Stepping 5, GenuineIntel
TMP=C:\Users\ajjat\AppData\Local\Temp
TEMP=C:\Users\ajjat\AppData\Local\Temp




---------------  S Y S T E M  ---------------

OS:
 Windows 11 , 64 bit Build 22621 (10.0.22621.2506)
OS uptime: 7 days 23:37 hours

CPU: total 8 (initial active 8) (4 cores per cpu, 2 threads per core) family 6 model 126 stepping 5 microcode 0xa6, cx8, cmov, fxsr, ht, mmx, 3dnowpref, sse, sse2, sse3, ssse3, sse4.1, sse4.2, popcnt, lzcnt, tsc, tscinvbit, avx, avx2, aes, erms, clmul, bmi1, bmi2, adx, avx512f, avx512dq, avx512cd, avx512bw, avx512vl, sha, fma, vzeroupper, avx512_vpopcntdq, avx512_vpclmulqdq, avx512_vaes, avx512_vnni, clflush, clflushopt, avx512_vbmi2, avx512_vbmi, rdtscp, rdpid, fsrm, gfni, avx512_bitalg, f16c, pku, avx512_ifma

Memory: 4k page, system-wide physical 7987M (1234M free)
TotalPageFile size 26609M (AvailPageFile size 58M)
current process WorkingSet (physical memory assigned to process): 11M, peak: 11M
current process commit charge ("private bytes"): 60M, peak: 186M

vm_info: Java HotSpot(TM) 64-Bit Server VM (20.0.1+9-29) for windows-amd64 JRE (20.0.1+9-29), built on 2023-03-07T13:56:11Z by "mach5one" with MS VC++ 17.1 (VS2022)

END.
